<?xml version="1.0" encoding="UTF-8"?>
<!-- Generated by org.testng.reporters.JUnitXMLReporter -->
<testsuite hostname="Vigneshs-MacBook-Air-3.local" ignored="0" name="chrome" tests="1" failures="0" timestamp="2020-01-05T16:27:20 IST" time="0.023" errors="0">
  <testcase name="@BeforeTest setup" time="0.007" classname="UpskillFactory.Assignment1.Assignment1">
    <failure type="java.lang.IllegalStateException" message="The driver is not executable: /Users/vigneshk/eclipse-workspace/Assignment1/./drivers/chromedriver 8">
      <![CDATA[java.lang.IllegalStateException: The driver is not executable: /Users/vigneshk/eclipse-workspace/Assignment1/./drivers/chromedriver 8
at com.google.common.base.Preconditions.checkState(Preconditions.java:585)
at org.openqa.selenium.remote.service.DriverService.checkExecutable(DriverService.java:150)
at org.openqa.selenium.remote.service.DriverService.findExecutable(DriverService.java:141)
at org.openqa.selenium.chrome.ChromeDriverService.access$000(ChromeDriverService.java:35)
at org.openqa.selenium.chrome.ChromeDriverService$Builder.findDefaultExecutable(ChromeDriverService.java:159)
at org.openqa.selenium.remote.service.DriverService$Builder.build(DriverService.java:355)
at org.openqa.selenium.chrome.ChromeDriverService.createDefaultService(ChromeDriverService.java:94)
at org.openqa.selenium.chrome.ChromeDriver.<init>(ChromeDriver.java:123)
at UpskillFactory.Assignment1.Assignment1.setup(Assignment1.java:49)
... Removed 24 stack frames]]>
    </failure>
  </testcase> <!-- @BeforeTest setup -->
  <testcase name="runTestinDiffBrowser" time="0.0" classname="UpskillFactory.Assignment1.Assignment1">
    <skipped/>
  </testcase> <!-- runTestinDiffBrowser -->
</testsuite> <!-- chrome -->
